生成启动时间为 2019/8/26 15:36:44。
     1>项目“C:\Users\程风\fivechess4\fivechess\fivechess.vcxproj”在节点 2 上(Build 个目标)。
     1>ClCompile:
         D:\c\VC\bin\CL.exe /c /ZI /nologo /W3 /WX- /Od /Oy- /D WIN32 /D _DEBUG /D _CONSOLE /D _LIB /D _UNICODE /D UNICODE /Gm /EHsc /RTC1 /MDd /GS /fp:precise /Zc:wchar_t /Zc:forScope /Fo"Debug\\" /Fd"Debug\vc120.pdb" /Gd /TP /analyze- /errorReport:prompt ..\bitree.cpp
         bitree.cpp
     1>c:\users\程风\fivechess4\link.h(10): warning C4091: “typedef ”: 没有声明变量时忽略“_LinkNode”的左侧
     1>c:\users\程风\fivechess4\link.h(16): warning C4091: “typedef ”: 没有声明变量时忽略“_Link”的左侧
     1>c:\users\程风\fivechess4\bitree.h(14): warning C4091: “typedef ”: 没有声明变量时忽略“_biTNode”的左侧
     1>c:\users\程风\fivechess4\bitree.h(21): warning C4091: “typedef ”: 没有声明变量时忽略“_biTree”的左侧
     1>c:\users\程风\fivechess4\bitree.cpp(126): warning C4715: “BiNode_find”: 不是所有的控件路径都返回值
       Link:
         D:\c\VC\bin\link.exe /ERRORREPORT:PROMPT /OUT:"C:\Users\程风\fivechess4\fivechess\Debug\fivechess.exe" /INCREMENTAL /NOLOGO kernel32.lib user32.lib gdi32.lib winspool.lib comdlg32.lib advapi32.lib shell32.lib ole32.lib oleaut32.lib uuid.lib odbc32.lib odbccp32.lib /MANIFEST /MANIFESTUAC:"level='asInvoker' uiAccess='false'" /manifest:embed /DEBUG /PDB:"C:\Users\程风\fivechess4\fivechess\Debug\fivechess.pdb" /SUBSYSTEM:CONSOLE /TLBID:1 /DYNAMICBASE /NXCOMPAT /IMPLIB:"C:\Users\程风\fivechess4\fivechess\Debug\fivechess.lib" /MACHINE:X86 Debug\bitree.obj
         Debug\fivechesslogic.obj
         Debug\imageshow.obj
         Debug\link.obj
         Debug\main.obj
         Debug\stack.obj
         fivechess.vcxproj -> C:\Users\程风\fivechess4\fivechess\Debug\fivechess.exe
     1>已完成生成项目“C:\Users\程风\fivechess4\fivechess\fivechess.vcxproj”(Build 个目标)的操作。

生成成功。

已用时间 00:00:02.02
